2019-06-20 22:16:18,164 [INFO] [main] com.ddc.server.mapper.DDCAdminMapperTest [StartupInfoLogger.java : 50] Starting DDCAdminMapperTest on DESKTOP-1DGJ543 with PID 11700 (started by muqi1118 in E:\GitHubProject\ddc-parent\ddc_server)
2019-06-20 22:16:18,855 [DEBUG] [main] com.ddc.server.mapper.DDCAdminMapperTest [StartupInfoLogger.java : 53] Running with Spring Boot v2.1.5.RELEASE, Spring v5.1.7.RELEASE
2019-06-20 22:16:18,860 [INFO] [main] com.ddc.server.mapper.DDCAdminMapperTest [SpringApplication.java : 675] No active profile set, falling back to default profiles: default
2019-06-20 22:16:22,784 [INFO] [main] o.s.c.s.PostProcessorRegistrationDelegate$BeanPostProcessorChecker [PostProcessorRegistrationDelegate.java : 330] Bean 'transactionalConfig' of type [com.ddc.server.config.db.TransactionalConfig$$EnhancerBySpringCGLIB$$90752546] is not eligible for getting processed by all BeanPostProcessors (for example: not eligible for auto-proxying)
2019-06-20 22:16:23,022 [INFO] [main] o.s.c.s.PostProcessorRegistrationDelegate$BeanPostProcessorChecker [PostProcessorRegistrationDelegate.java : 330] Bean 'org.springframework.transaction.annotation.ProxyTransactionManagementConfiguration' of type [org.springframework.transaction.annotation.ProxyTransactionManagementConfiguration$$EnhancerBySpringCGLIB$$b0fb950d] is not eligible for getting processed by all BeanPostProcessors (for example: not eligible for auto-proxying)
2019-06-20 22:16:23,112 [INFO] [main] o.s.c.s.PostProcessorRegistrationDelegate$BeanPostProcessorChecker [PostProcessorRegistrationDelegate.java : 330] Bean 'shiroConfig' of type [com.ddc.server.shiro.ShiroConfig$$EnhancerBySpringCGLIB$$429e74d5] is not eligible for getting processed by all BeanPostProcessors (for example: not eligible for auto-proxying)
2019-06-20 22:16:23,167 [INFO] [main] o.s.c.s.PostProcessorRegistrationDelegate$BeanPostProcessorChecker [PostProcessorRegistrationDelegate.java : 330] Bean 'hashedCredentialsMatcher' of type [org.apache.shiro.authc.credential.HashedCredentialsMatcher] is not eligible for getting processed by all BeanPostProcessors (for example: not eligible for auto-proxying)
2019-06-20 22:16:23,201 [INFO] [main] o.s.c.s.PostProcessorRegistrationDelegate$BeanPostProcessorChecker [PostProcessorRegistrationDelegate.java : 330] Bean 'myRealm' of type [com.ddc.server.shiro.MyRealm] is not eligible for getting processed by all BeanPostProcessors (for example: not eligible for auto-proxying)
2019-06-20 22:16:24,093 [INFO] [main] o.s.c.s.PostProcessorRegistrationDelegate$BeanPostProcessorChecker [PostProcessorRegistrationDelegate.java : 330] Bean 'securityManager' of type [org.apache.shiro.web.mgt.DefaultWebSecurityManager] is not eligible for getting processed by all BeanPostProcessors (for example: not eligible for auto-proxying)
2019-06-20 22:16:24,135 [INFO] [main] o.s.c.s.PostProcessorRegistrationDelegate$BeanPostProcessorChecker [PostProcessorRegistrationDelegate.java : 330] Bean 'org.springframework.hateoas.config.HateoasConfiguration' of type [org.springframework.hateoas.config.HateoasConfiguration$$EnhancerBySpringCGLIB$$307be23f] is not eligible for getting processed by all BeanPostProcessors (for example: not eligible for auto-proxying)
2019-06-20 22:16:26,673 [INFO] [main] com.alibaba.druid.pool.DruidDataSource [DruidDataSource.java : 932] {dataSource-1} inited
2019-06-20 22:16:28,283 [INFO] [main] o.s.scheduling.concurrent.ThreadPoolTaskExecutor [ExecutorConfigurationSupport.java : 171] Initializing ExecutorService 'taskExecutor'
2019-06-20 22:16:28,294 [INFO] [main] o.s.scheduling.concurrent.ThreadPoolTaskExecutor [ExecutorConfigurationSupport.java : 171] Initializing ExecutorService
2019-06-20 22:16:28,295 [INFO] [main] o.s.scheduling.concurrent.ThreadPoolTaskExecutor [ExecutorConfigurationSupport.java : 171] Initializing ExecutorService 'taskAsyncPool'
2019-06-20 22:16:30,377 [INFO] [main] o.s.boot.autoconfigure.web.servlet.WelcomePageHandlerMapping [WelcomePageHandlerMapping.java : 61] Adding welcome page template: index
2019-06-20 22:16:31,270 [INFO] [main] com.ddc.server.mapper.DDCAdminMapperTest [StartupInfoLogger.java : 59] Started DDCAdminMapperTest in 14.635 seconds (JVM running for 16.673)
2019-06-20 22:16:31,289 [INFO] [main] com.ddc.server.config.web.PassUrlScanner [PassUrlScanner.java : 39] @Pass:[Constant.URLInfo(url=/index, className=com.ddc.server.controller.IndexController, pass=true, method=index, methodType=org.springframework.web.bind.annotation.RequestMapping)]
2019-06-20 22:16:31,290 [INFO] [main] com.ddc.server.config.web.PassUrlScanner [PassUrlScanner.java : 40] @Pass size:1
2019-06-20 22:16:31,977 [DEBUG] [main] com.ddc.server.mapper.DDCAdminMapper.insert [BaseJdbcLogger.java : 159] ==>  Preparing: INSERT INTO ddc_admin ( id, `name`, `password`, salt, sex, mobile, email, role_id, remark, create_by, create_time, update_by, update_time, `status`, del_flag ) VALUES ( ?, ?, ?, ?, ?, ?, ?, ?, ?, ?, ?, ?, ?, ?, ? ) 
2019-06-20 22:16:32,191 [DEBUG] [main] com.ddc.server.mapper.DDCAdminMapper.insert [BaseJdbcLogger.java : 159] ==> Parameters: 0(Long), root(String), d5687e599e970184c3ce560a435d92e5(String), root_427f8be5-9aa0-4509-9926-fba82955bb68(String), 1(Integer), 13000480320(String), hello@qq.com(String), 1(Long), 123(String), 0(Long), 1561040191815(Long), 0(Long), 1561040191815(Long), 0(Integer), 0(Integer)
2019-06-20 22:16:32,200 [DEBUG] [main] com.ddc.server.mapper.DDCAdminMapper.insert [BaseJdbcLogger.java : 159] <==    Updates: 1
2019-06-20 22:16:32,225 [INFO] [Thread-2] o.s.scheduling.concurrent.ThreadPoolTaskExecutor [ExecutorConfigurationSupport.java : 208] Shutting down ExecutorService 'taskAsyncPool'
2019-06-20 22:16:32,225 [INFO] [Thread-2] o.s.scheduling.concurrent.ThreadPoolTaskExecutor [ExecutorConfigurationSupport.java : 208] Shutting down ExecutorService 'taskExecutor'
2019-06-20 22:16:32,234 [INFO] [Thread-2] com.alibaba.druid.pool.DruidDataSource [DruidDataSource.java : 1712] {dataSource-1} closed
2019-06-20 22:17:56,215 [INFO] [main] com.ddc.server.mapper.DDCAdminMapperTest [StartupInfoLogger.java : 50] Starting DDCAdminMapperTest on DESKTOP-1DGJ543 with PID 10056 (started by muqi1118 in E:\GitHubProject\ddc-parent\ddc_server)
2019-06-20 22:17:56,229 [DEBUG] [main] com.ddc.server.mapper.DDCAdminMapperTest [StartupInfoLogger.java : 53] Running with Spring Boot v2.1.5.RELEASE, Spring v5.1.7.RELEASE
2019-06-20 22:17:56,234 [INFO] [main] com.ddc.server.mapper.DDCAdminMapperTest [SpringApplication.java : 675] No active profile set, falling back to default profiles: default
2019-06-20 22:18:01,662 [INFO] [main] o.s.c.s.PostProcessorRegistrationDelegate$BeanPostProcessorChecker [PostProcessorRegistrationDelegate.java : 330] Bean 'transactionalConfig' of type [com.ddc.server.config.db.TransactionalConfig$$EnhancerBySpringCGLIB$$b234042f] is not eligible for getting processed by all BeanPostProcessors (for example: not eligible for auto-proxying)
2019-06-20 22:18:01,944 [INFO] [main] o.s.c.s.PostProcessorRegistrationDelegate$BeanPostProcessorChecker [PostProcessorRegistrationDelegate.java : 330] Bean 'org.springframework.transaction.annotation.ProxyTransactionManagementConfiguration' of type [org.springframework.transaction.annotation.ProxyTransactionManagementConfiguration$$EnhancerBySpringCGLIB$$d2ba73f6] is not eligible for getting processed by all BeanPostProcessors (for example: not eligible for auto-proxying)
2019-06-20 22:18:02,041 [INFO] [main] o.s.c.s.PostProcessorRegistrationDelegate$BeanPostProcessorChecker [PostProcessorRegistrationDelegate.java : 330] Bean 'shiroConfig' of type [com.ddc.server.shiro.ShiroConfig$$EnhancerBySpringCGLIB$$645d53be] is not eligible for getting processed by all BeanPostProcessors (for example: not eligible for auto-proxying)
2019-06-20 22:18:02,074 [INFO] [main] o.s.c.s.PostProcessorRegistrationDelegate$BeanPostProcessorChecker [PostProcessorRegistrationDelegate.java : 330] Bean 'hashedCredentialsMatcher' of type [org.apache.shiro.authc.credential.HashedCredentialsMatcher] is not eligible for getting processed by all BeanPostProcessors (for example: not eligible for auto-proxying)
2019-06-20 22:18:02,112 [INFO] [main] o.s.c.s.PostProcessorRegistrationDelegate$BeanPostProcessorChecker [PostProcessorRegistrationDelegate.java : 330] Bean 'myRealm' of type [com.ddc.server.shiro.MyRealm] is not eligible for getting processed by all BeanPostProcessors (for example: not eligible for auto-proxying)
2019-06-20 22:18:03,058 [INFO] [main] o.s.c.s.PostProcessorRegistrationDelegate$BeanPostProcessorChecker [PostProcessorRegistrationDelegate.java : 330] Bean 'securityManager' of type [org.apache.shiro.web.mgt.DefaultWebSecurityManager] is not eligible for getting processed by all BeanPostProcessors (for example: not eligible for auto-proxying)
2019-06-20 22:18:03,105 [INFO] [main] o.s.c.s.PostProcessorRegistrationDelegate$BeanPostProcessorChecker [PostProcessorRegistrationDelegate.java : 330] Bean 'org.springframework.hateoas.config.HateoasConfiguration' of type [org.springframework.hateoas.config.HateoasConfiguration$$EnhancerBySpringCGLIB$$523ac128] is not eligible for getting processed by all BeanPostProcessors (for example: not eligible for auto-proxying)
2019-06-20 22:18:06,876 [INFO] [main] com.alibaba.druid.pool.DruidDataSource [DruidDataSource.java : 932] {dataSource-1} inited
2019-06-20 22:18:10,279 [INFO] [main] o.s.scheduling.concurrent.ThreadPoolTaskExecutor [ExecutorConfigurationSupport.java : 171] Initializing ExecutorService 'taskExecutor'
2019-06-20 22:18:10,288 [INFO] [main] o.s.scheduling.concurrent.ThreadPoolTaskExecutor [ExecutorConfigurationSupport.java : 171] Initializing ExecutorService
2019-06-20 22:18:10,288 [INFO] [main] o.s.scheduling.concurrent.ThreadPoolTaskExecutor [ExecutorConfigurationSupport.java : 171] Initializing ExecutorService 'taskAsyncPool'
2019-06-20 22:18:12,129 [INFO] [main] o.s.boot.autoconfigure.web.servlet.WelcomePageHandlerMapping [WelcomePageHandlerMapping.java : 61] Adding welcome page template: index
2019-06-20 22:18:13,408 [INFO] [main] com.ddc.server.mapper.DDCAdminMapperTest [StartupInfoLogger.java : 59] Started DDCAdminMapperTest in 20.834 seconds (JVM running for 24.851)
2019-06-20 22:18:13,436 [INFO] [main] com.ddc.server.config.web.PassUrlScanner [PassUrlScanner.java : 39] @Pass:[Constant.URLInfo(url=/index, className=com.ddc.server.controller.IndexController, pass=true, method=index, methodType=org.springframework.web.bind.annotation.RequestMapping)]
2019-06-20 22:18:13,437 [INFO] [main] com.ddc.server.config.web.PassUrlScanner [PassUrlScanner.java : 40] @Pass size:1
2019-06-20 22:18:14,482 [DEBUG] [main] com.ddc.server.mapper.DDCAdminMapper.insert [BaseJdbcLogger.java : 159] ==>  Preparing: INSERT INTO ddc_admin ( id, `name`, `password`, salt, sex, mobile, email, role_id, remark, create_by, create_time, update_by, update_time, `status`, del_flag ) VALUES ( ?, ?, ?, ?, ?, ?, ?, ?, ?, ?, ?, ?, ?, ?, ? ) 
2019-06-20 22:18:14,743 [DEBUG] [main] com.ddc.server.mapper.DDCAdminMapper.insert [BaseJdbcLogger.java : 159] ==> Parameters: 0(Long), root(String), c8a9a2c210f530a2ed4806d9f7e54fb5(String), root_fb0c1e3e-d8e4-42cd-b162-daf15542f00e(String), 1(Integer), 13000480320(String), hello@qq.com(String), 1(Long), 123(String), 0(Long), 1561040294269(Long), 0(Long), 1561040294269(Long), 0(Integer), 0(Integer)
2019-06-20 22:18:14,753 [DEBUG] [main] com.ddc.server.mapper.DDCAdminMapper.insert [BaseJdbcLogger.java : 159] <==    Updates: 1
2019-06-20 22:18:14,776 [INFO] [Thread-2] o.s.scheduling.concurrent.ThreadPoolTaskExecutor [ExecutorConfigurationSupport.java : 208] Shutting down ExecutorService 'taskAsyncPool'
2019-06-20 22:18:14,776 [INFO] [Thread-2] o.s.scheduling.concurrent.ThreadPoolTaskExecutor [ExecutorConfigurationSupport.java : 208] Shutting down ExecutorService 'taskExecutor'
2019-06-20 22:18:14,785 [INFO] [Thread-2] com.alibaba.druid.pool.DruidDataSource [DruidDataSource.java : 1712] {dataSource-1} closed
